2025-08-03 11:46:56,146 - INFO - 설정 파일 변경이 감지되었습니다. 설정을 다시 로드합니다.
2025-08-03 11:46:56,154 - INFO - 설정 내용이 변경되었습니다. 스케줄링을 재설정하고 클라이언트를 재초기화합니다.
2025-08-03 11:46:56,155 - INFO - [logging] 'rotation_when' 값이 'M' -> 'H'로 변경되었습니다.
2025-08-03 11:46:56,494 - INFO - GitHub 클라이언트가 성공적으로 초기화되었습니다.
2025-08-03 11:46:56,495 - INFO - 설정 파일이 성공적으로 재로드되었습니다. 이슈 모니터링 주기: 2분, 설정 재로드 주기: 1분.
2025-08-03 11:47:56,537 - INFO - 설정 파일에 변경 사항이 없습니다.
2025-08-03 11:48:56,576 - INFO - [github] 변경 사항 확인 시작...
2025-08-03 11:48:56,581 - INFO - GitHub 모니터링 로직 실행 중...
2025-08-03 11:48:57,482 - INFO - GitHub 변경 사항 확인 완료.
2025-08-03 11:48:57,483 - INFO - [github] 변경 사항 확인 종료.
2025-08-03 11:48:57,483 - INFO - 설정 파일에 변경 사항이 없습니다.
2025-08-03 11:49:57,521 - INFO - 설정 파일에 변경 사항이 없습니다.
2025-08-03 11:50:57,561 - INFO - [github] 변경 사항 확인 시작...
2025-08-03 11:50:57,562 - INFO - GitHub 모니터링 로직 실행 중...
2025-08-03 11:50:58,723 - INFO - GitHub 변경 사항 확인 완료.
2025-08-03 11:50:58,723 - INFO - [github] 변경 사항 확인 종료.
2025-08-03 11:50:58,723 - INFO - 설정 파일에 변경 사항이 없습니다.
2025-08-03 11:51:58,772 - INFO - 설정 파일에 변경 사항이 없습니다.
2025-08-03 11:52:58,809 - INFO - [github] 변경 사항 확인 시작...
2025-08-03 11:52:58,810 - INFO - GitHub 모니터링 로직 실행 중...
2025-08-03 11:53:00,426 - INFO - Slack 알림이 성공적으로 전송되었습니다. 상태 코드: 200
2025-08-03 11:53:00,427 - INFO - GitHub 변경 사항 확인 완료.
2025-08-03 11:53:00,428 - INFO - [github] 변경 사항 확인 종료.
2025-08-03 11:53:00,428 - INFO - 설정 파일에 변경 사항이 없습니다.
2025-08-03 11:54:00,468 - INFO - 설정 파일에 변경 사항이 없습니다.
2025-08-03 11:55:00,514 - INFO - [github] 변경 사항 확인 시작...
2025-08-03 11:55:00,515 - INFO - GitHub 모니터링 로직 실행 중...
2025-08-03 11:55:01,488 - INFO - GitHub 변경 사항 확인 완료.
2025-08-03 11:55:01,489 - INFO - [github] 변경 사항 확인 종료.
2025-08-03 11:55:01,489 - INFO - 설정 파일에 변경 사항이 없습니다.
2025-08-03 11:56:01,534 - INFO - 설정 파일에 변경 사항이 없습니다.
2025-08-03 11:57:01,574 - INFO - [github] 변경 사항 확인 시작...
2025-08-03 11:57:01,574 - INFO - GitHub 모니터링 로직 실행 중...
2025-08-03 11:57:02,328 - INFO - Slack 알림이 성공적으로 전송되었습니다. 상태 코드: 200
2025-08-03 11:57:02,933 - INFO - Slack 알림이 성공적으로 전송되었습니다. 상태 코드: 200
2025-08-03 11:57:02,933 - INFO - GitHub 변경 사항 확인 완료.
2025-08-03 11:57:02,933 - INFO - [github] 변경 사항 확인 종료.
2025-08-03 11:57:02,934 - INFO - 설정 파일에 변경 사항이 없습니다.
2025-08-03 11:58:02,980 - INFO - 설정 파일에 변경 사항이 없습니다.
2025-08-03 11:59:03,021 - INFO - [github] 변경 사항 확인 시작...
2025-08-03 11:59:03,023 - INFO - GitHub 모니터링 로직 실행 중...
2025-08-03 11:59:03,945 - INFO - GitHub 변경 사항 확인 완료.
2025-08-03 11:59:03,946 - INFO - [github] 변경 사항 확인 종료.
2025-08-03 11:59:03,946 - INFO - 설정 파일에 변경 사항이 없습니다.
2025-08-03 12:00:03,985 - INFO - 설정 파일에 변경 사항이 없습니다.
2025-08-03 12:01:04,027 - INFO - [github] 변경 사항 확인 시작...
2025-08-03 12:01:04,027 - INFO - GitHub 모니터링 로직 실행 중...
2025-08-03 12:01:04,945 - INFO - GitHub 변경 사항 확인 완료.
2025-08-03 12:01:04,946 - INFO - [github] 변경 사항 확인 종료.
2025-08-03 12:01:04,946 - INFO - 설정 파일에 변경 사항이 없습니다.
2025-08-03 12:02:04,992 - INFO - 설정 파일에 변경 사항이 없습니다.
2025-08-03 12:03:05,041 - INFO - [github] 변경 사항 확인 시작...
2025-08-03 12:03:05,043 - INFO - GitHub 모니터링 로직 실행 중...
2025-08-03 12:03:06,041 - INFO - GitHub 변경 사항 확인 완료.
2025-08-03 12:03:06,043 - INFO - [github] 변경 사항 확인 종료.
2025-08-03 12:03:06,044 - INFO - 설정 파일에 변경 사항이 없습니다.
2025-08-03 12:04:06,088 - INFO - 설정 파일에 변경 사항이 없습니다.
2025-08-03 12:05:06,130 - INFO - [github] 변경 사항 확인 시작...
2025-08-03 12:05:06,131 - INFO - GitHub 모니터링 로직 실행 중...
2025-08-03 12:05:07,096 - INFO - GitHub 변경 사항 확인 완료.
2025-08-03 12:05:07,098 - INFO - [github] 변경 사항 확인 종료.
2025-08-03 12:05:07,098 - INFO - 설정 파일에 변경 사항이 없습니다.
2025-08-03 12:06:07,140 - INFO - 설정 파일에 변경 사항이 없습니다.
2025-08-03 12:16:39,411 - INFO - [github] 변경 사항 확인 시작...
2025-08-03 12:16:39,513 - INFO - GitHub 모니터링 로직 실행 중...
2025-08-03 12:16:40,872 - INFO - GitHub 변경 사항 확인 완료.
2025-08-03 12:16:40,872 - INFO - [github] 변경 사항 확인 종료.
2025-08-03 12:16:40,872 - INFO - 설정 파일에 변경 사항이 없습니다.
2025-08-03 12:17:40,978 - INFO - 설정 파일에 변경 사항이 없습니다.
2025-08-03 12:18:41,051 - INFO - [github] 변경 사항 확인 시작...
2025-08-03 12:18:41,052 - INFO - GitHub 모니터링 로직 실행 중...
2025-08-03 12:18:42,423 - INFO - GitHub 변경 사항 확인 완료.
2025-08-03 12:18:42,424 - INFO - [github] 변경 사항 확인 종료.
2025-08-03 12:18:42,425 - INFO - 설정 파일에 변경 사항이 없습니다.
2025-08-03 12:19:42,461 - INFO - 설정 파일에 변경 사항이 없습니다.
2025-08-03 12:20:42,500 - INFO - [github] 변경 사항 확인 시작...
2025-08-03 12:20:42,501 - INFO - GitHub 모니터링 로직 실행 중...
2025-08-03 12:20:43,892 - INFO - GitHub 변경 사항 확인 완료.
2025-08-03 12:20:43,893 - INFO - [github] 변경 사항 확인 종료.
2025-08-03 12:20:43,894 - INFO - 설정 파일에 변경 사항이 없습니다.
2025-08-03 12:21:43,934 - INFO - 설정 파일에 변경 사항이 없습니다.
2025-08-03 12:22:43,970 - INFO - [github] 변경 사항 확인 시작...
2025-08-03 12:22:43,971 - INFO - GitHub 모니터링 로직 실행 중...
2025-08-03 12:22:45,635 - INFO - GitHub 변경 사항 확인 완료.
2025-08-03 12:22:45,636 - INFO - [github] 변경 사항 확인 종료.
2025-08-03 12:22:45,637 - INFO - 설정 파일에 변경 사항이 없습니다.
2025-08-03 12:23:45,677 - INFO - 설정 파일에 변경 사항이 없습니다.
2025-08-03 12:24:45,711 - INFO - [github] 변경 사항 확인 시작...
2025-08-03 12:24:45,712 - INFO - GitHub 모니터링 로직 실행 중...
2025-08-03 12:24:46,651 - INFO - GitHub 변경 사항 확인 완료.
2025-08-03 12:24:46,652 - INFO - [github] 변경 사항 확인 종료.
2025-08-03 12:24:46,652 - INFO - 설정 파일에 변경 사항이 없습니다.
2025-08-03 12:25:46,720 - INFO - 설정 파일에 변경 사항이 없습니다.
2025-08-03 12:26:46,759 - INFO - [github] 변경 사항 확인 시작...
2025-08-03 12:26:46,759 - INFO - GitHub 모니터링 로직 실행 중...
2025-08-03 12:26:47,657 - INFO - GitHub 변경 사항 확인 완료.
2025-08-03 12:26:47,657 - INFO - [github] 변경 사항 확인 종료.
2025-08-03 12:26:47,657 - INFO - 설정 파일에 변경 사항이 없습니다.
2025-08-03 12:27:47,861 - INFO - 설정 파일에 변경 사항이 없습니다.
